<?xml version="1.0" encoding="UTF-8"?>
<coverage generated="1766057256784" clover="3.2.0">
  <project timestamp="1766057256784" name="All files">
    <metrics statements="257" coveredstatements="216" conditionals="104" coveredconditionals="52" methods="42" coveredmethods="25" elements="403" coveredelements="293" complexity="0" loc="257" ncloc="257" packages="5" files="15" classes="15"/>
    <package name="components.ui">
      <metrics statements="43" coveredstatements="18" conditionals="68" coveredconditionals="23" methods="15" coveredmethods="3"/>
      <file name="Alert.tsx" path="D:\intern sun\PR1\naitei14_fe_nhom2\src\components\ui\Alert.tsx">
        <metrics statements="5" coveredstatements="2" conditionals="4" coveredconditionals="0" methods="1" coveredmethods="0"/>
        <line num="14" count="1" type="stmt"/>
        <line num="45" count="1" type="stmt"/>
        <line num="46" count="0" type="stmt"/>
        <line num="47" count="0" type="stmt"/>
        <line num="49" count="0" type="stmt"/>
      </file>
      <file name="AlertWithAction.tsx" path="D:\intern sun\PR1\naitei14_fe_nhom2\src\components\ui\AlertWithAction.tsx">
        <metrics statements="5" coveredstatements="2" conditionals="10" coveredconditionals="0" methods="1" coveredmethods="0"/>
        <line num="29" count="1" type="stmt"/>
        <line num="76" count="1" type="stmt"/>
        <line num="83" count="0" type="stmt"/>
        <line num="84" count="0" type="stmt"/>
        <line num="86" count="0" type="stmt"/>
      </file>
      <file name="Badge.tsx" path="D:\intern sun\PR1\naitei14_fe_nhom2\src\components\ui\Badge.tsx">
        <metrics statements="4" coveredstatements="1" conditionals="5" coveredconditionals="0" methods="1" coveredmethods="0"/>
        <line num="11" count="1" type="cond" truecount="0" falsecount="1"/>
        <line num="12" count="0" type="cond" truecount="0" falsecount="4"/>
        <line num="13" count="0" type="stmt"/>
        <line num="23" count="0" type="stmt"/>
      </file>
      <file name="Breadcrumbs.tsx" path="D:\intern sun\PR1\naitei14_fe_nhom2\src\components\ui\Breadcrumbs.tsx">
        <metrics statements="3" coveredstatements="1" conditionals="4" coveredconditionals="0" methods="2" coveredmethods="0"/>
        <line num="15" count="1" type="stmt"/>
        <line num="16" count="0" type="stmt"/>
        <line num="20" count="0" type="stmt"/>
      </file>
      <file name="Button.tsx" path="D:\intern sun\PR1\naitei14_fe_nhom2\src\components\ui\Button.tsx">
        <metrics statements="5" coveredstatements="5" conditionals="15" coveredconditionals="13" methods="1" coveredmethods="1"/>
        <line num="16" count="1" type="stmt"/>
        <line num="28" count="8" type="stmt"/>
        <line num="37" count="8" type="stmt"/>
        <line num="43" count="8" type="cond" truecount="2" falsecount="0"/>
        <line num="45" count="8" type="stmt"/>
      </file>
      <file name="ConfirmationModal.tsx" path="D:\intern sun\PR1\naitei14_fe_nhom2\src\components\ui\ConfirmationModal.tsx">
        <metrics statements="3" coveredstatements="3" conditionals="11" coveredconditionals="9" methods="1" coveredmethods="1"/>
        <line num="18" count="1" type="stmt"/>
        <line num="30" count="7" type="cond" truecount="2" falsecount="0"/>
        <line num="32" count="1" type="stmt"/>
      </file>
      <file name="Container.tsx" path="D:\intern sun\PR1\naitei14_fe_nhom2\src\components\ui\Container.tsx">
        <metrics statements="2" coveredstatements="2" conditionals="1" coveredconditionals="1" methods="1" coveredmethods="1"/>
        <line num="8" count="1" type="cond" truecount="1" falsecount="0"/>
        <line num="9" count="7" type="stmt"/>
      </file>
      <file name="Pagination.tsx" path="D:\intern sun\PR1\naitei14_fe_nhom2\src\components\ui\Pagination.tsx">
        <metrics statements="12" coveredstatements="1" conditionals="14" coveredconditionals="0" methods="6" coveredmethods="0"/>
        <line num="12" count="1" type="stmt"/>
        <line num="18" count="0" type="cond" truecount="0" falsecount="2"/>
        <line num="20" count="0" type="stmt"/>
        <line num="22" count="0" type="stmt"/>
        <line num="25" count="0" type="stmt"/>
        <line num="35" count="0" type="cond" truecount="0" falsecount="2"/>
        <line num="40" count="0" type="stmt"/>
        <line num="43" count="0" type="stmt"/>
        <line num="57" count="0" type="cond" truecount="0" falsecount="2"/>
        <line num="61" count="0" type="stmt"/>
        <line num="64" count="0" type="stmt"/>
        <line num="68" count="0" type="stmt"/>
      </file>
      <file name="StatusAlert.tsx" path="D:\intern sun\PR1\naitei14_fe_nhom2\src\components\ui\StatusAlert.tsx">
        <metrics statements="4" coveredstatements="1" conditionals="4" coveredconditionals="0" methods="1" coveredmethods="0"/>
        <line num="11" count="1" type="stmt"/>
        <line num="16" count="0" type="stmt"/>
        <line num="17" count="0" type="cond" truecount="0" falsecount="2"/>
        <line num="19" count="0" type="stmt"/>
      </file>
      <file name="index.ts" path="D:\intern sun\PR1\naitei14_fe_nhom2\src\components\ui\index.ts">
        <metrics statements="0" coveredstatements="0" conditionals="0" coveredconditionals="0" methods="0" coveredmethods="0"/>
      </file>
    </package>
    <package name="constants">
      <metrics statements="139" coveredstatements="139" conditionals="4" coveredconditionals="4" methods="0" coveredmethods="0"/>
      <file name="common.ts" path="D:\intern sun\PR1\naitei14_fe_nhom2\src\constants\common.ts">
        <metrics statements="139" coveredstatements="139" conditionals="4" coveredconditionals="4" methods="0" coveredmethods="0"/>
        <line num="2" count="1" type="stmt"/>
        <line num="3" count="1" type="stmt"/>
        <line num="6" count="1" type="stmt"/>
        <line num="7" count="1" type="stmt"/>
        <line num="8" count="1" type="stmt"/>
        <line num="9" count="1" type="stmt"/>
        <line num="12" count="1" type="stmt"/>
        <line num="15" count="1" type="stmt"/>
        <line num="16" count="1" type="stmt"/>
        <line num="17" count="1" type="stmt"/>
        <line num="18" count="1" type="stmt"/>
        <line num="19" count="1" type="stmt"/>
        <line num="20" count="1" type="stmt"/>
        <line num="21" count="1" type="stmt"/>
        <line num="22" count="1" type="stmt"/>
        <line num="23" count="1" type="stmt"/>
        <line num="24" count="1" type="stmt"/>
        <line num="25" count="1" type="stmt"/>
        <line num="26" count="1" type="stmt"/>
        <line num="27" count="1" type="stmt"/>
        <line num="28" count="1" type="stmt"/>
        <line num="29" count="1" type="stmt"/>
        <line num="32" count="1" type="stmt"/>
        <line num="35" count="1" type="stmt"/>
        <line num="36" count="1" type="stmt"/>
        <line num="38" count="1" type="stmt"/>
        <line num="39" count="1" type="stmt"/>
        <line num="41" count="1" type="stmt"/>
        <line num="42" count="1" type="stmt"/>
        <line num="45" count="1" type="stmt"/>
        <line num="46" count="1" type="stmt"/>
        <line num="47" count="1" type="stmt"/>
        <line num="48" count="1" type="stmt"/>
        <line num="49" count="1" type="stmt"/>
        <line num="50" count="1" type="stmt"/>
        <line num="51" count="1" type="stmt"/>
        <line num="54" count="1" type="stmt"/>
        <line num="55" count="1" type="stmt"/>
        <line num="56" count="1" type="stmt"/>
        <line num="57" count="1" type="stmt"/>
        <line num="58" count="1" type="stmt"/>
        <line num="60" count="1" type="stmt"/>
        <line num="62" count="1" type="stmt"/>
        <line num="64" count="1" type="stmt"/>
        <line num="65" count="1" type="stmt"/>
        <line num="69" count="1" type="stmt"/>
        <line num="71" count="1" type="stmt"/>
        <line num="72" count="1" type="stmt"/>
        <line num="73" count="1" type="stmt"/>
        <line num="76" count="1" type="stmt"/>
        <line num="77" count="1" type="stmt"/>
        <line num="78" count="1" type="stmt"/>
        <line num="79" count="1" type="stmt"/>
        <line num="80" count="1" type="stmt"/>
        <line num="81" count="1" type="stmt"/>
        <line num="84" count="1" type="stmt"/>
        <line num="85" count="1" type="stmt"/>
        <line num="86" count="1" type="stmt"/>
        <line num="87" count="1" type="stmt"/>
        <line num="88" count="1" type="stmt"/>
        <line num="89" count="1" type="stmt"/>
        <line num="90" count="1" type="stmt"/>
        <line num="91" count="1" type="stmt"/>
        <line num="92" count="1" type="stmt"/>
        <line num="94" count="1" type="stmt"/>
        <line num="95" count="1" type="stmt"/>
        <line num="96" count="1" type="stmt"/>
        <line num="97" count="1" type="stmt"/>
        <line num="98" count="1" type="stmt"/>
        <line num="100" count="1" type="stmt"/>
        <line num="101" count="1" type="stmt"/>
        <line num="102" count="1" type="stmt"/>
        <line num="103" count="1" type="stmt"/>
        <line num="104" count="1" type="stmt"/>
        <line num="106" count="1" type="stmt"/>
        <line num="107" count="1" type="stmt"/>
        <line num="108" count="1" type="stmt"/>
        <line num="109" count="1" type="stmt"/>
        <line num="111" count="1" type="stmt"/>
        <line num="112" count="1" type="stmt"/>
        <line num="113" count="1" type="stmt"/>
        <line num="115" count="1" type="stmt"/>
        <line num="116" count="1" type="stmt"/>
        <line num="119" count="1" type="stmt"/>
        <line num="120" count="1" type="stmt"/>
        <line num="123" count="1" type="stmt"/>
        <line num="124" count="1" type="stmt"/>
        <line num="128" count="1" type="stmt"/>
        <line num="131" count="1" type="stmt"/>
        <line num="134" count="1" type="stmt"/>
        <line num="135" count="1" type="stmt"/>
        <line num="137" count="1" type="stmt"/>
        <line num="138" count="1" type="stmt"/>
        <line num="140" count="1" type="stmt"/>
        <line num="142" count="1" type="stmt"/>
        <line num="143" count="1" type="stmt"/>
        <line num="145" count="1" type="stmt"/>
        <line num="149" count="1" type="stmt"/>
        <line num="150" count="1" type="stmt"/>
        <line num="151" count="1" type="stmt"/>
        <line num="153" count="1" type="stmt"/>
        <line num="155" count="1" type="stmt"/>
        <line num="157" count="1" type="stmt"/>
        <line num="158" count="1" type="stmt"/>
        <line num="162" count="1" type="stmt"/>
        <line num="164" count="1" type="stmt"/>
        <line num="166" count="1" type="stmt"/>
        <line num="171" count="1" type="stmt"/>
        <line num="172" count="1" type="stmt"/>
        <line num="177" count="1" type="stmt"/>
        <line num="178" count="1" type="stmt"/>
        <line num="181" count="1" type="stmt"/>
        <line num="182" count="1" type="stmt"/>
        <line num="183" count="1" type="stmt"/>
        <line num="184" count="1" type="stmt"/>
        <line num="185" count="1" type="stmt"/>
        <line num="189" count="1" type="stmt"/>
        <line num="190" count="1" type="stmt"/>
        <line num="191" count="1" type="stmt"/>
        <line num="192" count="1" type="stmt"/>
        <line num="193" count="1" type="stmt"/>
        <line num="194" count="1" type="stmt"/>
        <line num="195" count="1" type="stmt"/>
        <line num="196" count="1" type="stmt"/>
        <line num="197" count="1" type="stmt"/>
        <line num="198" count="1" type="stmt"/>
        <line num="199" count="1" type="stmt"/>
        <line num="202" count="1" type="stmt"/>
        <line num="203" count="1" type="stmt"/>
        <line num="205" count="1" type="stmt"/>
        <line num="206" count="1" type="stmt"/>
        <line num="207" count="1" type="stmt"/>
        <line num="208" count="1" type="stmt"/>
        <line num="209" count="1" type="stmt"/>
        <line num="212" count="1" type="stmt"/>
        <line num="215" count="1" type="stmt"/>
        <line num="216" count="1" type="stmt"/>
        <line num="217" count="1" type="stmt"/>
        <line num="218" count="1" type="stmt"/>
      </file>
    </package>
    <package name="contexts">
      <metrics statements="34" coveredstatements="32" conditionals="13" coveredconditionals="9" methods="17" coveredmethods="17"/>
      <file name="CartContext.tsx" path="D:\intern sun\PR1\naitei14_fe_nhom2\src\contexts\CartContext.tsx">
        <metrics statements="34" coveredstatements="32" conditionals="13" coveredconditionals="9" methods="17" coveredmethods="17"/>
        <line num="5" count="1" type="stmt"/>
        <line num="7" count="1" type="stmt"/>
        <line num="8" count="15" type="stmt"/>
        <line num="10" count="15" type="stmt"/>
        <line num="11" count="7" type="stmt"/>
        <line num="12" count="7" type="cond" truecount="2" falsecount="0"/>
        <line num="13" count="1" type="stmt"/>
        <line num="14" count="1" type="stmt"/>
        <line num="16" count="0" type="stmt"/>
        <line num="21" count="15" type="stmt"/>
        <line num="22" count="15" type="stmt"/>
        <line num="23" count="15" type="stmt"/>
        <line num="25" count="0" type="stmt"/>
        <line num="29" count="15" type="cond" truecount="1" falsecount="0"/>
        <line num="30" count="7" type="stmt"/>
        <line num="31" count="7" type="stmt"/>
        <line num="32" count="7" type="cond" truecount="2" falsecount="0"/>
        <line num="33" count="1" type="stmt"/>
        <line num="34" count="1" type="cond" truecount="1" falsecount="1"/>
        <line num="37" count="6" type="stmt"/>
        <line num="41" count="15" type="stmt"/>
        <line num="42" count="2" type="stmt"/>
        <line num="45" count="15" type="stmt"/>
        <line num="46" count="1" type="cond" truecount="1" falsecount="1"/>
        <line num="47" count="1" type="stmt"/>
        <line num="48" count="1" type="cond" truecount="1" falsecount="1"/>
        <line num="52" count="15" type="stmt"/>
        <line num="54" count="15" type="stmt"/>
        <line num="55" count="15" type="stmt"/>
        <line num="57" count="15" type="stmt"/>
        <line num="64" count="1" type="stmt"/>
        <line num="65" count="15" type="stmt"/>
        <line num="66" count="15" type="cond" truecount="1" falsecount="1"/>
        <line num="67" count="15" type="stmt"/>
      </file>
    </package>
    <package name="features.checkout">
      <metrics statements="28" coveredstatements="26" conditionals="19" coveredconditionals="16" methods="5" coveredmethods="4"/>
      <file name="index.tsx" path="D:\intern sun\PR1\naitei14_fe_nhom2\src\features\checkout\index.tsx">
        <metrics statements="28" coveredstatements="26" conditionals="19" coveredconditionals="16" methods="5" coveredmethods="4"/>
        <line num="14" count="1" type="stmt"/>
        <line num="15" count="9" type="stmt"/>
        <line num="16" count="9" type="stmt"/>
        <line num="17" count="9" type="stmt"/>
        <line num="18" count="9" type="stmt"/>
        <line num="19" count="9" type="stmt"/>
        <line num="21" count="9" type="stmt"/>
        <line num="22" count="6" type="cond" truecount="2" falsecount="0"/>
        <line num="23" count="1" type="stmt"/>
        <line num="24" count="5" type="cond" truecount="4" falsecount="0"/>
        <line num="25" count="1" type="stmt"/>
        <line num="29" count="9" type="cond" truecount="5" falsecount="0"/>
        <line num="31" count="7" type="stmt"/>
        <line num="32" count="2" type="stmt"/>
        <line num="33" count="2" type="stmt"/>
        <line num="34" count="2" type="cond" truecount="1" falsecount="1"/>
        <line num="36" count="2" type="stmt"/>
        <line num="38" count="2" type="stmt"/>
        <line num="51" count="2" type="stmt"/>
        <line num="52" count="1" type="stmt"/>
        <line num="53" count="1" type="stmt"/>
        <line num="55" count="1" type="stmt"/>
        <line num="56" count="1" type="stmt"/>
        <line num="58" count="2" type="stmt"/>
        <line num="62" count="7" type="stmt"/>
        <line num="63" count="0" type="stmt"/>
        <line num="64" count="0" type="stmt"/>
        <line num="67" count="7" type="stmt"/>
      </file>
    </package>
    <package name="lib">
      <metrics statements="13" coveredstatements="1" conditionals="0" coveredconditionals="0" methods="5" coveredmethods="1"/>
      <file name="errors.ts" path="D:\intern sun\PR1\naitei14_fe_nhom2\src\lib\errors.ts">
        <metrics statements="12" coveredstatements="0" conditionals="0" coveredconditionals="0" methods="4" coveredmethods="0"/>
        <line num="2" count="0" type="stmt"/>
        <line num="3" count="0" type="stmt"/>
        <line num="4" count="0" type="stmt"/>
        <line num="9" count="0" type="stmt"/>
        <line num="10" count="0" type="stmt"/>
        <line num="11" count="0" type="stmt"/>
        <line num="16" count="0" type="stmt"/>
        <line num="17" count="0" type="stmt"/>
        <line num="18" count="0" type="stmt"/>
        <line num="23" count="0" type="stmt"/>
        <line num="24" count="0" type="stmt"/>
        <line num="25" count="0" type="stmt"/>
      </file>
      <file name="utils.ts" path="D:\intern sun\PR1\naitei14_fe_nhom2\src\lib\utils.ts">
        <metrics statements="1" coveredstatements="1" conditionals="0" coveredconditionals="0" methods="1" coveredmethods="1"/>
        <line num="5" count="8" type="stmt"/>
      </file>
    </package>
  </project>
</coverage>
