{"D:\\intern sun\\PR1\\naitei14_fe_nhom2\\src\\components\\ui\\Alert.tsx": {"path":"D:\\intern sun\\PR1\\naitei14_fe_nhom2\\src\\components\\ui\\Alert.tsx","statementMap":{"0":{"start":{"line":14,"column":20},"end":{"line":43,"column":null}},"1":{"start":{"line":45,"column":36},"end":{"line":69,"column":null}},"2":{"start":{"line":46,"column":17},"end":{"line":46,"column":null}},"3":{"start":{"line":47,"column":15},"end":{"line":47,"column":null}},"4":{"start":{"line":49,"column":2},"end":{"line":67,"column":null}}},"fnMap":{"0":{"name":"(anonymous_0)","decl":{"start":{"line":45,"column":36},"end":{"line":45,"column":37}},"loc":{"start":{"line":45,"column":77},"end":{"line":69,"column":null}},"line":45}},"branchMap":{"0":{"loc":{"start":{"line":60,"column":9},"end":{"line":61,"column":null}},"type":"binary-expr","locations":[{"start":{"line":60,"column":9},"end":{"line":60,"column":null}},{"start":{"line":61,"column":10},"end":{"line":61,"column":null}}],"line":60},"1":{"loc":{"start":{"line":63,"column":36},"end":{"line":63,"column":57}},"type":"cond-expr","locations":[{"start":{"line":63,"column":44},"end":{"line":63,"column":53}},{"start":{"line":63,"column":53},"end":{"line":63,"column":57}}],"line":63}},"s":{"0":1,"1":1,"2":0,"3":0,"4":0},"f":{"0":0},"b":{"0":[0,0],"1":[0,0]},"meta":{"lastBranch":2,"lastFunction":1,"lastStatement":5,"seen":{"s:14:20:43:Infinity":0,"s:45:36:69:Infinity":1,"f:45:36:45:37":0,"s:46:17:46:Infinity":2,"s:47:15:47:Infinity":3,"s:49:2:67:Infinity":4,"b:60:9:60:Infinity:61:10:61:Infinity":0,"b:63:44:63:53:63:53:63:57":1}}}
,"D:\\intern sun\\PR1\\naitei14_fe_nhom2\\src\\components\\ui\\AlertWithAction.tsx": {"path":"D:\\intern sun\\PR1\\naitei14_fe_nhom2\\src\\components\\ui\\AlertWithAction.tsx","statementMap":{"0":{"start":{"line":29,"column":20},"end":{"line":74,"column":null}},"1":{"start":{"line":76,"column":56},"end":{"line":139,"column":null}},"2":{"start":{"line":83,"column":17},"end":{"line":83,"column":null}},"3":{"start":{"line":84,"column":15},"end":{"line":84,"column":null}},"4":{"start":{"line":86,"column":2},"end":{"line":137,"column":null}}},"fnMap":{"0":{"name":"(anonymous_0)","decl":{"start":{"line":76,"column":56},"end":{"line":76,"column":57}},"loc":{"start":{"line":82,"column":6},"end":{"line":139,"column":null}},"line":82}},"branchMap":{"0":{"loc":{"start":{"line":101,"column":11},"end":{"line":104,"column":null}},"type":"binary-expr","locations":[{"start":{"line":101,"column":11},"end":{"line":101,"column":null}},{"start":{"line":102,"column":12},"end":{"line":104,"column":null}}],"line":101},"1":{"loc":{"start":{"line":106,"column":38},"end":{"line":106,"column":59}},"type":"cond-expr","locations":[{"start":{"line":106,"column":46},"end":{"line":106,"column":55}},{"start":{"line":106,"column":55},"end":{"line":106,"column":59}}],"line":106},"2":{"loc":{"start":{"line":116,"column":18},"end":{"line":116,"column":null}},"type":"binary-expr","locations":[{"start":{"line":116,"column":18},"end":{"line":116,"column":37}},{"start":{"line":116,"column":37},"end":{"line":116,"column":null}}],"line":116},"3":{"loc":{"start":{"line":125,"column":9},"end":{"line":134,"column":null}},"type":"cond-expr","locations":[{"start":{"line":126,"column":10},"end":{"line":129,"column":null}},{"start":{"line":131,"column":10},"end":{"line":134,"column":null}}],"line":125},"4":{"loc":{"start":{"line":128,"column":13},"end":{"line":128,"column":null}},"type":"binary-expr","locations":[{"start":{"line":128,"column":13},"end":{"line":128,"column":35}},{"start":{"line":128,"column":35},"end":{"line":128,"column":null}}],"line":128}},"s":{"0":1,"1":1,"2":0,"3":0,"4":0},"f":{"0":0},"b":{"0":[0,0],"1":[0,0],"2":[0,0],"3":[0,0],"4":[0,0]},"meta":{"lastBranch":5,"lastFunction":1,"lastStatement":5,"seen":{"s:29:20:74:Infinity":0,"s:76:56:139:Infinity":1,"f:76:56:76:57":0,"s:83:17:83:Infinity":2,"s:84:15:84:Infinity":3,"s:86:2:137:Infinity":4,"b:101:11:101:Infinity:102:12:104:Infinity":0,"b:106:46:106:55:106:55:106:59":1,"b:116:18:116:37:116:37:116:Infinity":2,"b:126:10:129:Infinity:131:10:134:Infinity":3,"b:128:13:128:35:128:35:128:Infinity":4}}}
,"D:\\intern sun\\PR1\\naitei14_fe_nhom2\\src\\components\\ui\\Badge.tsx": {"path":"D:\\intern sun\\PR1\\naitei14_fe_nhom2\\src\\components\\ui\\Badge.tsx","statementMap":{"0":{"start":{"line":11,"column":21},"end":{"line":31,"column":null}},"1":{"start":{"line":12,"column":2},"end":{"line":21,"column":null}},"2":{"start":{"line":13,"column":4},"end":{"line":19,"column":null}},"3":{"start":{"line":23,"column":2},"end":{"line":29,"column":null}}},"fnMap":{"0":{"name":"(anonymous_0)","decl":{"start":{"line":11,"column":21},"end":{"line":11,"column":22}},"loc":{"start":{"line":11,"column":96},"end":{"line":31,"column":null}},"line":11}},"branchMap":{"0":{"loc":{"start":{"line":11,"column":34},"end":{"line":11,"column":51}},"type":"default-arg","locations":[{"start":{"line":11,"column":44},"end":{"line":11,"column":51}}],"line":11},"1":{"loc":{"start":{"line":12,"column":2},"end":{"line":21,"column":null}},"type":"if","locations":[{"start":{"line":12,"column":2},"end":{"line":21,"column":null}},{"start":{},"end":{}}],"line":12},"2":{"loc":{"start":{"line":12,"column":6},"end":{"line":12,"column":49}},"type":"binary-expr","locations":[{"start":{"line":12,"column":6},"end":{"line":12,"column":32}},{"start":{"line":12,"column":32},"end":{"line":12,"column":49}}],"line":12}},"s":{"0":1,"1":0,"2":0,"3":0},"f":{"0":0},"b":{"0":[0],"1":[0,0],"2":[0,0]},"meta":{"lastBranch":3,"lastFunction":1,"lastStatement":4,"seen":{"s:11:21:31:Infinity":0,"f:11:21:11:22":0,"b:11:44:11:51":0,"b:12:2:21:Infinity:undefined:undefined:undefined:undefined":1,"s:12:2:21:Infinity":1,"b:12:6:12:32:12:32:12:49":2,"s:13:4:19:Infinity":2,"s:23:2:29:Infinity":3}}}
,"D:\\intern sun\\PR1\\naitei14_fe_nhom2\\src\\components\\ui\\Breadcrumbs.tsx": {"path":"D:\\intern sun\\PR1\\naitei14_fe_nhom2\\src\\components\\ui\\Breadcrumbs.tsx","statementMap":{"0":{"start":{"line":15,"column":27},"end":{"line":44,"column":null}},"1":{"start":{"line":16,"column":2},"end":{"line":42,"column":null}},"2":{"start":{"line":20,"column":10},"end":{"line":39,"column":null}}},"fnMap":{"0":{"name":"(anonymous_0)","decl":{"start":{"line":15,"column":27},"end":{"line":15,"column":28}},"loc":{"start":{"line":15,"column":71},"end":{"line":44,"column":null}},"line":15},"1":{"name":"(anonymous_1)","decl":{"start":{"line":19,"column":19},"end":{"line":19,"column":20}},"loc":{"start":{"line":20,"column":10},"end":{"line":39,"column":null}},"line":20}},"branchMap":{"0":{"loc":{"start":{"line":21,"column":13},"end":{"line":30,"column":null}},"type":"binary-expr","locations":[{"start":{"line":21,"column":13},"end":{"line":21,"column":null}},{"start":{"line":22,"column":14},"end":{"line":30,"column":null}}],"line":21},"1":{"loc":{"start":{"line":32,"column":13},"end":{"line":37,"column":null}},"type":"cond-expr","locations":[{"start":{"line":33,"column":14},"end":{"line":35,"column":null}},{"start":{"line":37,"column":14},"end":{"line":37,"column":null}}],"line":32}},"s":{"0":1,"1":0,"2":0},"f":{"0":0,"1":0},"b":{"0":[0,0],"1":[0,0]},"meta":{"lastBranch":2,"lastFunction":2,"lastStatement":3,"seen":{"s:15:27:44:Infinity":0,"f:15:27:15:28":0,"s:16:2:42:Infinity":1,"f:19:19:19:20":1,"s:20:10:39:Infinity":2,"b:21:13:21:Infinity:22:14:30:Infinity":0,"b:33:14:35:Infinity:37:14:37:Infinity":1}}}
,"D:\\intern sun\\PR1\\naitei14_fe_nhom2\\src\\components\\ui\\Button.tsx": {"path":"D:\\intern sun\\PR1\\naitei14_fe_nhom2\\src\\components\\ui\\Button.tsx","statementMap":{"0":{"start":{"line":16,"column":28},"end":{"line":62,"column":null}},"1":{"start":{"line":28,"column":25},"end":{"line":35,"column":null}},"2":{"start":{"line":37,"column":22},"end":{"line":41,"column":null}},"3":{"start":{"line":43,"column":21},"end":{"line":43,"column":null}},"4":{"start":{"line":45,"column":2},"end":{"line":60,"column":null}}},"fnMap":{"0":{"name":"(anonymous_0)","decl":{"start":{"line":16,"column":28},"end":{"line":16,"column":29}},"loc":{"start":{"line":27,"column":19},"end":{"line":62,"column":null}},"line":27}},"branchMap":{"0":{"loc":{"start":{"line":18,"column":2},"end":{"line":18,"column":null}},"type":"default-arg","locations":[{"start":{"line":18,"column":12},"end":{"line":18,"column":null}}],"line":18},"1":{"loc":{"start":{"line":19,"column":2},"end":{"line":19,"column":null}},"type":"default-arg","locations":[{"start":{"line":19,"column":9},"end":{"line":19,"column":null}}],"line":19},"2":{"loc":{"start":{"line":22,"column":2},"end":{"line":22,"column":null}},"type":"default-arg","locations":[{"start":{"line":22,"column":9},"end":{"line":22,"column":null}}],"line":22},"3":{"loc":{"start":{"line":24,"column":2},"end":{"line":24,"column":null}},"type":"default-arg","locations":[{"start":{"line":24,"column":13},"end":{"line":24,"column":null}}],"line":24},"4":{"loc":{"start":{"line":25,"column":2},"end":{"line":25,"column":null}},"type":"default-arg","locations":[{"start":{"line":25,"column":14},"end":{"line":25,"column":null}}],"line":25},"5":{"loc":{"start":{"line":43,"column":21},"end":{"line":43,"column":null}},"type":"binary-expr","locations":[{"start":{"line":43,"column":21},"end":{"line":43,"column":33}},{"start":{"line":43,"column":33},"end":{"line":43,"column":null}}],"line":43},"6":{"loc":{"start":{"line":54,"column":8},"end":{"line":54,"column":null}},"type":"binary-expr","locations":[{"start":{"line":54,"column":8},"end":{"line":54,"column":41}},{"start":{"line":54,"column":41},"end":{"line":54,"column":null}}],"line":54},"7":{"loc":{"start":{"line":55,"column":8},"end":{"line":55,"column":null}},"type":"binary-expr","locations":[{"start":{"line":55,"column":8},"end":{"line":55,"column":22}},{"start":{"line":55,"column":22},"end":{"line":55,"column":null}}],"line":55},"8":{"loc":{"start":{"line":59,"column":7},"end":{"line":59,"column":null}},"type":"cond-expr","locations":[{"start":{"line":59,"column":34},"end":{"line":59,"column":48}},{"start":{"line":59,"column":48},"end":{"line":59,"column":null}}],"line":59},"9":{"loc":{"start":{"line":59,"column":7},"end":{"line":59,"column":34}},"type":"binary-expr","locations":[{"start":{"line":59,"column":7},"end":{"line":59,"column":20}},{"start":{"line":59,"column":20},"end":{"line":59,"column":34}}],"line":59}},"s":{"0":1,"1":8,"2":8,"3":8,"4":8},"f":{"0":8},"b":{"0":[8],"1":[8],"2":[8],"3":[8],"4":[8],"5":[8,6],"6":[8,8],"7":[8,2],"8":[0,8],"9":[8,0]},"meta":{"lastBranch":10,"lastFunction":1,"lastStatement":5,"seen":{"s:16:28:62:Infinity":0,"f:16:28:16:29":0,"b:18:12:18:Infinity":0,"b:19:9:19:Infinity":1,"b:22:9:22:Infinity":2,"b:24:13:24:Infinity":3,"b:25:14:25:Infinity":4,"s:28:25:35:Infinity":1,"s:37:22:41:Infinity":2,"s:43:21:43:Infinity":3,"b:43:21:43:33:43:33:43:Infinity":5,"s:45:2:60:Infinity":4,"b:54:8:54:41:54:41:54:Infinity":6,"b:55:8:55:22:55:22:55:Infinity":7,"b:59:34:59:48:59:48:59:Infinity":8,"b:59:7:59:20:59:20:59:34":9}}}
,"D:\\intern sun\\PR1\\naitei14_fe_nhom2\\src\\components\\ui\\ConfirmationModal.tsx": {"path":"D:\\intern sun\\PR1\\naitei14_fe_nhom2\\src\\components\\ui\\ConfirmationModal.tsx","statementMap":{"0":{"start":{"line":18,"column":67},"end":{"line":61,"column":null}},"1":{"start":{"line":30,"column":2},"end":{"line":30,"column":null}},"2":{"start":{"line":30,"column":15},"end":{"line":30,"column":null}},"3":{"start":{"line":32,"column":2},"end":{"line":60,"column":null}}},"fnMap":{"0":{"name":"(anonymous_0)","decl":{"start":{"line":18,"column":67},"end":{"line":18,"column":68}},"loc":{"start":{"line":29,"column":6},"end":{"line":61,"column":null}},"line":29}},"branchMap":{"0":{"loc":{"start":{"line":24,"column":2},"end":{"line":24,"column":null}},"type":"default-arg","locations":[{"start":{"line":24,"column":16},"end":{"line":24,"column":null}}],"line":24},"1":{"loc":{"start":{"line":25,"column":2},"end":{"line":25,"column":null}},"type":"default-arg","locations":[{"start":{"line":25,"column":15},"end":{"line":25,"column":null}}],"line":25},"2":{"loc":{"start":{"line":26,"column":2},"end":{"line":26,"column":null}},"type":"default-arg","locations":[{"start":{"line":26,"column":14},"end":{"line":26,"column":null}}],"line":26},"3":{"loc":{"start":{"line":27,"column":2},"end":{"line":27,"column":null}},"type":"default-arg","locations":[{"start":{"line":27,"column":12},"end":{"line":27,"column":null}}],"line":27},"4":{"loc":{"start":{"line":28,"column":2},"end":{"line":28,"column":null}},"type":"default-arg","locations":[{"start":{"line":28,"column":15},"end":{"line":28,"column":null}}],"line":28},"5":{"loc":{"start":{"line":30,"column":2},"end":{"line":30,"column":null}},"type":"if","locations":[{"start":{"line":30,"column":2},"end":{"line":30,"column":null}},{"start":{},"end":{}}],"line":30},"6":{"loc":{"start":{"line":39,"column":11},"end":{"line":46,"column":null}},"type":"binary-expr","locations":[{"start":{"line":39,"column":11},"end":{"line":39,"column":null}},{"start":{"line":40,"column":12},"end":{"line":46,"column":null}}],"line":39},"7":{"loc":{"start":{"line":52,"column":23},"end":{"line":52,"column":null}},"type":"cond-expr","locations":[{"start":{"line":52,"column":46},"end":{"line":52,"column":93}},{"start":{"line":52,"column":93},"end":{"line":52,"column":null}}],"line":52}},"s":{"0":1,"1":7,"2":6,"3":1},"f":{"0":7},"b":{"0":[7],"1":[7],"2":[7],"3":[7],"4":[7],"5":[6,1],"6":[1,0],"7":[0,1]},"meta":{"lastBranch":8,"lastFunction":1,"lastStatement":4,"seen":{"s:18:67:61:Infinity":0,"f:18:67:18:68":0,"b:24:16:24:Infinity":0,"b:25:15:25:Infinity":1,"b:26:14:26:Infinity":2,"b:27:12:27:Infinity":3,"b:28:15:28:Infinity":4,"b:30:2:30:Infinity:undefined:undefined:undefined:undefined":5,"s:30:2:30:Infinity":1,"s:30:15:30:Infinity":2,"s:32:2:60:Infinity":3,"b:39:11:39:Infinity:40:12:46:Infinity":6,"b:52:46:52:93:52:93:52:Infinity":7}}}
,"D:\\intern sun\\PR1\\naitei14_fe_nhom2\\src\\components\\ui\\Container.tsx": {"path":"D:\\intern sun\\PR1\\naitei14_fe_nhom2\\src\\components\\ui\\Container.tsx","statementMap":{"0":{"start":{"line":8,"column":25},"end":{"line":14,"column":null}},"1":{"start":{"line":9,"column":2},"end":{"line":12,"column":null}}},"fnMap":{"0":{"name":"(anonymous_0)","decl":{"start":{"line":8,"column":25},"end":{"line":8,"column":26}},"loc":{"start":{"line":8,"column":75},"end":{"line":14,"column":null}},"line":8}},"branchMap":{"0":{"loc":{"start":{"line":8,"column":38},"end":{"line":8,"column":53}},"type":"default-arg","locations":[{"start":{"line":8,"column":50},"end":{"line":8,"column":53}}],"line":8}},"s":{"0":1,"1":7},"f":{"0":7},"b":{"0":[7]},"meta":{"lastBranch":1,"lastFunction":1,"lastStatement":2,"seen":{"s:8:25:14:Infinity":0,"f:8:25:8:26":0,"b:8:50:8:53":0,"s:9:2:12:Infinity":1}}}
,"D:\\intern sun\\PR1\\naitei14_fe_nhom2\\src\\components\\ui\\Pagination.tsx": {"path":"D:\\intern sun\\PR1\\naitei14_fe_nhom2\\src\\components\\ui\\Pagination.tsx","statementMap":{"0":{"start":{"line":12,"column":53},"end":{"line":77,"column":null}},"1":{"start":{"line":18,"column":2},"end":{"line":18,"column":null}},"2":{"start":{"line":18,"column":23},"end":{"line":18,"column":null}},"3":{"start":{"line":20,"column":16},"end":{"line":20,"column":null}},"4":{"start":{"line":20,"column":61},"end":{"line":20,"column":66}},"5":{"start":{"line":22,"column":2},"end":{"line":75,"column":null}},"6":{"start":{"line":25,"column":23},"end":{"line":25,"column":null}},"7":{"start":{"line":35,"column":8},"end":{"line":54,"column":null}},"8":{"start":{"line":40,"column":10},"end":{"line":52,"column":null}},"9":{"start":{"line":43,"column":29},"end":{"line":43,"column":null}},"10":{"start":{"line":57,"column":8},"end":{"line":62,"column":null}},"11":{"start":{"line":61,"column":10},"end":{"line":61,"column":null}},"12":{"start":{"line":64,"column":8},"end":{"line":64,"column":null}},"13":{"start":{"line":68,"column":23},"end":{"line":68,"column":null}}},"fnMap":{"0":{"name":"(anonymous_0)","decl":{"start":{"line":12,"column":53},"end":{"line":12,"column":54}},"loc":{"start":{"line":17,"column":6},"end":{"line":77,"column":null}},"line":17},"1":{"name":"(anonymous_1)","decl":{"start":{"line":20,"column":51},"end":{"line":20,"column":52}},"loc":{"start":{"line":20,"column":61},"end":{"line":20,"column":66}},"line":20},"2":{"name":"(anonymous_2)","decl":{"start":{"line":25,"column":17},"end":{"line":25,"column":23}},"loc":{"start":{"line":25,"column":23},"end":{"line":25,"column":null}},"line":25},"3":{"name":"(anonymous_3)","decl":{"start":{"line":33,"column":17},"end":{"line":33,"column":18}},"loc":{"start":{"line":33,"column":27},"end":{"line":65,"column":7}},"line":33},"4":{"name":"(anonymous_4)","decl":{"start":{"line":43,"column":23},"end":{"line":43,"column":29}},"loc":{"start":{"line":43,"column":29},"end":{"line":43,"column":null}},"line":43},"5":{"name":"(anonymous_5)","decl":{"start":{"line":68,"column":17},"end":{"line":68,"column":23}},"loc":{"start":{"line":68,"column":23},"end":{"line":68,"column":null}},"line":68}},"branchMap":{"0":{"loc":{"start":{"line":18,"column":2},"end":{"line":18,"column":null}},"type":"if","locations":[{"start":{"line":18,"column":2},"end":{"line":18,"column":null}},{"start":{},"end":{}}],"line":18},"1":{"loc":{"start":{"line":35,"column":8},"end":{"line":54,"column":null}},"type":"if","locations":[{"start":{"line":35,"column":8},"end":{"line":54,"column":null}},{"start":{},"end":{}}],"line":35},"2":{"loc":{"start":{"line":36,"column":10},"end":{"line":38,"column":null}},"type":"binary-expr","locations":[{"start":{"line":36,"column":10},"end":{"line":36,"column":null}},{"start":{"line":37,"column":10},"end":{"line":37,"column":null}},{"start":{"line":38,"column":11},"end":{"line":38,"column":38}},{"start":{"line":38,"column":38},"end":{"line":38,"column":null}}],"line":36},"3":{"loc":{"start":{"line":46,"column":16},"end":{"line":48,"column":null}},"type":"cond-expr","locations":[{"start":{"line":47,"column":20},"end":{"line":47,"column":null}},{"start":{"line":48,"column":20},"end":{"line":48,"column":null}}],"line":46},"4":{"loc":{"start":{"line":57,"column":8},"end":{"line":62,"column":null}},"type":"if","locations":[{"start":{"line":57,"column":8},"end":{"line":62,"column":null}},{"start":{},"end":{}}],"line":57},"5":{"loc":{"start":{"line":58,"column":10},"end":{"line":59,"column":null}},"type":"binary-expr","locations":[{"start":{"line":58,"column":10},"end":{"line":58,"column":null}},{"start":{"line":59,"column":10},"end":{"line":59,"column":null}}],"line":58}},"s":{"0":1,"1":0,"2":0,"3":0,"4":0,"5":0,"6":0,"7":0,"8":0,"9":0,"10":0,"11":0,"12":0,"13":0},"f":{"0":0,"1":0,"2":0,"3":0,"4":0,"5":0},"b":{"0":[0,0],"1":[0,0],"2":[0,0,0,0],"3":[0,0],"4":[0,0],"5":[0,0]},"meta":{"lastBranch":6,"lastFunction":6,"lastStatement":14,"seen":{"s:12:53:77:Infinity":0,"f:12:53:12:54":0,"b:18:2:18:Infinity:undefined:undefined:undefined:undefined":0,"s:18:2:18:Infinity":1,"s:18:23:18:Infinity":2,"s:20:16:20:Infinity":3,"f:20:51:20:52":1,"s:20:61:20:66":4,"s:22:2:75:Infinity":5,"f:25:17:25:23":2,"s:25:23:25:Infinity":6,"f:33:17:33:18":3,"b:35:8:54:Infinity:undefined:undefined:undefined:undefined":1,"s:35:8:54:Infinity":7,"b:36:10:36:Infinity:37:10:37:Infinity:38:11:38:38:38:38:38:Infinity":2,"s:40:10:52:Infinity":8,"f:43:23:43:29":4,"s:43:29:43:Infinity":9,"b:47:20:47:Infinity:48:20:48:Infinity":3,"b:57:8:62:Infinity:undefined:undefined:undefined:undefined":4,"s:57:8:62:Infinity":10,"b:58:10:58:Infinity:59:10:59:Infinity":5,"s:61:10:61:Infinity":11,"s:64:8:64:Infinity":12,"f:68:17:68:23":5,"s:68:23:68:Infinity":13}}}
,"D:\\intern sun\\PR1\\naitei14_fe_nhom2\\src\\components\\ui\\StatusAlert.tsx": {"path":"D:\\intern sun\\PR1\\naitei14_fe_nhom2\\src\\components\\ui\\StatusAlert.tsx","statementMap":{"0":{"start":{"line":11,"column":48},"end":{"line":33,"column":null}},"1":{"start":{"line":16,"column":20},"end":{"line":16,"column":null}},"2":{"start":{"line":17,"column":15},"end":{"line":17,"column":null}},"3":{"start":{"line":19,"column":2},"end":{"line":31,"column":null}}},"fnMap":{"0":{"name":"(anonymous_0)","decl":{"start":{"line":11,"column":48},"end":{"line":11,"column":49}},"loc":{"start":{"line":15,"column":6},"end":{"line":33,"column":null}},"line":15}},"branchMap":{"0":{"loc":{"start":{"line":17,"column":15},"end":{"line":17,"column":null}},"type":"cond-expr","locations":[{"start":{"line":17,"column":27},"end":{"line":17,"column":43}},{"start":{"line":17,"column":43},"end":{"line":17,"column":null}}],"line":17},"1":{"loc":{"start":{"line":23,"column":8},"end":{"line":25,"column":null}},"type":"cond-expr","locations":[{"start":{"line":24,"column":12},"end":{"line":24,"column":null}},{"start":{"line":25,"column":12},"end":{"line":25,"column":null}}],"line":23}},"s":{"0":1,"1":0,"2":0,"3":0},"f":{"0":0},"b":{"0":[0,0],"1":[0,0]},"meta":{"lastBranch":2,"lastFunction":1,"lastStatement":4,"seen":{"s:11:48:33:Infinity":0,"f:11:48:11:49":0,"s:16:20:16:Infinity":1,"s:17:15:17:Infinity":2,"b:17:27:17:43:17:43:17:Infinity":0,"s:19:2:31:Infinity":3,"b:24:12:24:Infinity:25:12:25:Infinity":1}}}
,"D:\\intern sun\\PR1\\naitei14_fe_nhom2\\src\\components\\ui\\index.ts": {"path":"D:\\intern sun\\PR1\\naitei14_fe_nhom2\\src\\components\\ui\\index.ts","statementMap":{},"fnMap":{},"branchMap":{},"s":{},"f":{},"b":{},"meta":{"lastBranch":0,"lastFunction":0,"lastStatement":0,"seen":{}}}
,"D:\\intern sun\\PR1\\naitei14_fe_nhom2\\src\\constants\\common.ts": {"path":"D:\\intern sun\\PR1\\naitei14_fe_nhom2\\src\\constants\\common.ts","statementMap":{"0":{"start":{"line":2,"column":22},"end":{"line":2,"column":null}},"1":{"start":{"line":3,"column":24},"end":{"line":3,"column":null}},"2":{"start":{"line":6,"column":26},"end":{"line":6,"column":null}},"3":{"start":{"line":7,"column":30},"end":{"line":7,"column":null}},"4":{"start":{"line":8,"column":24},"end":{"line":8,"column":null}},"5":{"start":{"line":9,"column":24},"end":{"line":9,"column":null}},"6":{"start":{"line":12,"column":35},"end":{"line":12,"column":null}},"7":{"start":{"line":15,"column":28},"end":{"line":15,"column":null}},"8":{"start":{"line":16,"column":28},"end":{"line":16,"column":null}},"9":{"start":{"line":17,"column":28},"end":{"line":17,"column":null}},"10":{"start":{"line":18,"column":28},"end":{"line":18,"column":null}},"11":{"start":{"line":19,"column":28},"end":{"line":19,"column":null}},"12":{"start":{"line":20,"column":28},"end":{"line":20,"column":null}},"13":{"start":{"line":21,"column":28},"end":{"line":21,"column":null}},"14":{"start":{"line":22,"column":28},"end":{"line":22,"column":null}},"15":{"start":{"line":23,"column":28},"end":{"line":23,"column":null}},"16":{"start":{"line":24,"column":28},"end":{"line":24,"column":null}},"17":{"start":{"line":25,"column":28},"end":{"line":25,"column":null}},"18":{"start":{"line":26,"column":28},"end":{"line":26,"column":null}},"19":{"start":{"line":27,"column":28},"end":{"line":27,"column":null}},"20":{"start":{"line":28,"column":28},"end":{"line":28,"column":null}},"21":{"start":{"line":29,"column":29},"end":{"line":29,"column":null}},"22":{"start":{"line":32,"column":34},"end":{"line":32,"column":null}},"23":{"start":{"line":35,"column":34},"end":{"line":35,"column":null}},"24":{"start":{"line":36,"column":39},"end":{"line":36,"column":null}},"25":{"start":{"line":38,"column":2},"end":{"line":38,"column":null}},"26":{"start":{"line":39,"column":39},"end":{"line":39,"column":null}},"27":{"start":{"line":41,"column":2},"end":{"line":41,"column":null}},"28":{"start":{"line":42,"column":41},"end":{"line":42,"column":null}},"29":{"start":{"line":45,"column":45},"end":{"line":45,"column":null}},"30":{"start":{"line":46,"column":41},"end":{"line":46,"column":null}},"31":{"start":{"line":47,"column":40},"end":{"line":47,"column":null}},"32":{"start":{"line":48,"column":41},"end":{"line":48,"column":null}},"33":{"start":{"line":49,"column":40},"end":{"line":49,"column":null}},"34":{"start":{"line":50,"column":39},"end":{"line":50,"column":null}},"35":{"start":{"line":51,"column":42},"end":{"line":51,"column":null}},"36":{"start":{"line":54,"column":43},"end":{"line":54,"column":null}},"37":{"start":{"line":55,"column":47},"end":{"line":55,"column":null}},"38":{"start":{"line":56,"column":47},"end":{"line":56,"column":null}},"39":{"start":{"line":57,"column":49},"end":{"line":57,"column":null}},"40":{"start":{"line":58,"column":44},"end":{"line":58,"column":null}},"41":{"start":{"line":60,"column":2},"end":{"line":60,"column":null}},"42":{"start":{"line":62,"column":2},"end":{"line":62,"column":null}},"43":{"start":{"line":64,"column":2},"end":{"line":64,"column":null}},"44":{"start":{"line":65,"column":44},"end":{"line":65,"column":null}},"45":{"start":{"line":69,"column":2},"end":{"line":69,"column":null}},"46":{"start":{"line":71,"column":2},"end":{"line":71,"column":null}},"47":{"start":{"line":72,"column":28},"end":{"line":72,"column":null}},"48":{"start":{"line":73,"column":29},"end":{"line":73,"column":null}},"49":{"start":{"line":76,"column":39},"end":{"line":76,"column":null}},"50":{"start":{"line":77,"column":44},"end":{"line":77,"column":null}},"51":{"start":{"line":78,"column":37},"end":{"line":78,"column":null}},"52":{"start":{"line":79,"column":35},"end":{"line":79,"column":null}},"53":{"start":{"line":80,"column":36},"end":{"line":80,"column":null}},"54":{"start":{"line":81,"column":33},"end":{"line":81,"column":null}},"55":{"start":{"line":84,"column":27},"end":{"line":84,"column":null}},"56":{"start":{"line":85,"column":30},"end":{"line":85,"column":null}},"57":{"start":{"line":86,"column":38},"end":{"line":86,"column":null}},"58":{"start":{"line":87,"column":30},"end":{"line":87,"column":null}},"59":{"start":{"line":88,"column":33},"end":{"line":88,"column":null}},"60":{"start":{"line":89,"column":33},"end":{"line":89,"column":null}},"61":{"start":{"line":90,"column":33},"end":{"line":90,"column":null}},"62":{"start":{"line":91,"column":30},"end":{"line":91,"column":null}},"63":{"start":{"line":92,"column":35},"end":{"line":92,"column":null}},"64":{"start":{"line":94,"column":2},"end":{"line":94,"column":null}},"65":{"start":{"line":95,"column":34},"end":{"line":95,"column":null}},"66":{"start":{"line":96,"column":39},"end":{"line":96,"column":null}},"67":{"start":{"line":97,"column":38},"end":{"line":97,"column":null}},"68":{"start":{"line":98,"column":37},"end":{"line":98,"column":null}},"69":{"start":{"line":100,"column":2},"end":{"line":100,"column":null}},"70":{"start":{"line":101,"column":40},"end":{"line":101,"column":null}},"71":{"start":{"line":102,"column":40},"end":{"line":102,"column":null}},"72":{"start":{"line":103,"column":42},"end":{"line":103,"column":null}},"73":{"start":{"line":104,"column":38},"end":{"line":104,"column":null}},"74":{"start":{"line":106,"column":2},"end":{"line":106,"column":null}},"75":{"start":{"line":107,"column":34},"end":{"line":107,"column":null}},"76":{"start":{"line":108,"column":33},"end":{"line":108,"column":null}},"77":{"start":{"line":109,"column":37},"end":{"line":109,"column":null}},"78":{"start":{"line":111,"column":2},"end":{"line":111,"column":null}},"79":{"start":{"line":112,"column":39},"end":{"line":112,"column":null}},"80":{"start":{"line":113,"column":35},"end":{"line":113,"column":null}},"81":{"start":{"line":115,"column":2},"end":{"line":115,"column":null}},"82":{"start":{"line":116,"column":36},"end":{"line":116,"column":null}},"83":{"start":{"line":119,"column":34},"end":{"line":119,"column":null}},"84":{"start":{"line":120,"column":39},"end":{"line":120,"column":null}},"85":{"start":{"line":123,"column":39},"end":{"line":123,"column":null}},"86":{"start":{"line":124,"column":36},"end":{"line":124,"column":null}},"87":{"start":{"line":128,"column":2},"end":{"line":128,"column":null}},"88":{"start":{"line":131,"column":39},"end":{"line":131,"column":null}},"89":{"start":{"line":134,"column":34},"end":{"line":134,"column":null}},"90":{"start":{"line":135,"column":32},"end":{"line":135,"column":null}},"91":{"start":{"line":137,"column":2},"end":{"line":137,"column":null}},"92":{"start":{"line":138,"column":32},"end":{"line":138,"column":null}},"93":{"start":{"line":140,"column":2},"end":{"line":140,"column":null}},"94":{"start":{"line":142,"column":2},"end":{"line":142,"column":null}},"95":{"start":{"line":143,"column":43},"end":{"line":143,"column":null}},"96":{"start":{"line":145,"column":2},"end":{"line":145,"column":null}},"97":{"start":{"line":149,"column":2},"end":{"line":149,"column":null}},"98":{"start":{"line":150,"column":34},"end":{"line":150,"column":null}},"99":{"start":{"line":151,"column":27},"end":{"line":151,"column":null}},"100":{"start":{"line":153,"column":2},"end":{"line":153,"column":null}},"101":{"start":{"line":155,"column":2},"end":{"line":155,"column":null}},"102":{"start":{"line":157,"column":2},"end":{"line":157,"column":null}},"103":{"start":{"line":158,"column":27},"end":{"line":158,"column":null}},"104":{"start":{"line":162,"column":2},"end":{"line":162,"column":null}},"105":{"start":{"line":164,"column":2},"end":{"line":164,"column":null}},"106":{"start":{"line":166,"column":28},"end":{"line":168,"column":null}},"107":{"start":{"line":171,"column":39},"end":{"line":171,"column":null}},"108":{"start":{"line":172,"column":38},"end":{"line":174,"column":null}},"109":{"start":{"line":177,"column":34},"end":{"line":177,"column":null}},"110":{"start":{"line":178,"column":33},"end":{"line":178,"column":null}},"111":{"start":{"line":181,"column":33},"end":{"line":181,"column":null}},"112":{"start":{"line":182,"column":32},"end":{"line":182,"column":null}},"113":{"start":{"line":183,"column":37},"end":{"line":183,"column":null}},"114":{"start":{"line":184,"column":37},"end":{"line":184,"column":null}},"115":{"start":{"line":185,"column":32},"end":{"line":185,"column":null}},"116":{"start":{"line":189,"column":2},"end":{"line":189,"column":null}},"117":{"start":{"line":190,"column":38},"end":{"line":190,"column":null}},"118":{"start":{"line":191,"column":37},"end":{"line":191,"column":null}},"119":{"start":{"line":192,"column":33},"end":{"line":192,"column":null}},"120":{"start":{"line":193,"column":34},"end":{"line":193,"column":null}},"121":{"start":{"line":194,"column":32},"end":{"line":194,"column":null}},"122":{"start":{"line":195,"column":31},"end":{"line":195,"column":null}},"123":{"start":{"line":196,"column":34},"end":{"line":196,"column":null}},"124":{"start":{"line":197,"column":42},"end":{"line":197,"column":null}},"125":{"start":{"line":198,"column":33},"end":{"line":198,"column":null}},"126":{"start":{"line":199,"column":35},"end":{"line":199,"column":null}},"127":{"start":{"line":202,"column":26},"end":{"line":202,"column":null}},"128":{"start":{"line":203,"column":31},"end":{"line":203,"column":null}},"129":{"start":{"line":205,"column":2},"end":{"line":205,"column":null}},"130":{"start":{"line":206,"column":34},"end":{"line":206,"column":null}},"131":{"start":{"line":207,"column":32},"end":{"line":207,"column":null}},"132":{"start":{"line":208,"column":38},"end":{"line":208,"column":null}},"133":{"start":{"line":209,"column":36},"end":{"line":209,"column":null}},"134":{"start":{"line":212,"column":33},"end":{"line":212,"column":null}},"135":{"start":{"line":215,"column":36},"end":{"line":215,"column":null}},"136":{"start":{"line":216,"column":39},"end":{"line":216,"column":null}},"137":{"start":{"line":217,"column":36},"end":{"line":217,"column":null}},"138":{"start":{"line":218,"column":38},"end":{"line":218,"column":null}}},"fnMap":{},"branchMap":{"0":{"loc":{"start":{"line":167,"column":2},"end":{"line":167,"column":null}},"type":"binary-expr","locations":[{"start":{"line":167,"column":2},"end":{"line":167,"column":35}},{"start":{"line":167,"column":35},"end":{"line":167,"column":null}}],"line":167},"1":{"loc":{"start":{"line":173,"column":2},"end":{"line":173,"column":null}},"type":"binary-expr","locations":[{"start":{"line":173,"column":2},"end":{"line":173,"column":49}},{"start":{"line":173,"column":49},"end":{"line":173,"column":null}}],"line":173}},"s":{"0":1,"1":1,"2":1,"3":1,"4":1,"5":1,"6":1,"7":1,"8":1,"9":1,"10":1,"11":1,"12":1,"13":1,"14":1,"15":1,"16":1,"17":1,"18":1,"19":1,"20":1,"21":1,"22":1,"23":1,"24":1,"25":1,"26":1,"27":1,"28":1,"29":1,"30":1,"31":1,"32":1,"33":1,"34":1,"35":1,"36":1,"37":1,"38":1,"39":1,"40":1,"41":1,"42":1,"43":1,"44":1,"45":1,"46":1,"47":1,"48":1,"49":1,"50":1,"51":1,"52":1,"53":1,"54":1,"55":1,"56":1,"57":1,"58":1,"59":1,"60":1,"61":1,"62":1,"63":1,"64":1,"65":1,"66":1,"67":1,"68":1,"69":1,"70":1,"71":1,"72":1,"73":1,"74":1,"75":1,"76":1,"77":1,"78":1,"79":1,"80":1,"81":1,"82":1,"83":1,"84":1,"85":1,"86":1,"87":1,"88":1,"89":1,"90":1,"91":1,"92":1,"93":1,"94":1,"95":1,"96":1,"97":1,"98":1,"99":1,"100":1,"101":1,"102":1,"103":1,"104":1,"105":1,"106":1,"107":1,"108":1,"109":1,"110":1,"111":1,"112":1,"113":1,"114":1,"115":1,"116":1,"117":1,"118":1,"119":1,"120":1,"121":1,"122":1,"123":1,"124":1,"125":1,"126":1,"127":1,"128":1,"129":1,"130":1,"131":1,"132":1,"133":1,"134":1,"135":1,"136":1,"137":1,"138":1},"f":{},"b":{"0":[1,1],"1":[1,1]},"meta":{"lastBranch":2,"lastFunction":0,"lastStatement":139,"seen":{"s:2:22:2:Infinity":0,"s:3:24:3:Infinity":1,"s:6:26:6:Infinity":2,"s:7:30:7:Infinity":3,"s:8:24:8:Infinity":4,"s:9:24:9:Infinity":5,"s:12:35:12:Infinity":6,"s:15:28:15:Infinity":7,"s:16:28:16:Infinity":8,"s:17:28:17:Infinity":9,"s:18:28:18:Infinity":10,"s:19:28:19:Infinity":11,"s:20:28:20:Infinity":12,"s:21:28:21:Infinity":13,"s:22:28:22:Infinity":14,"s:23:28:23:Infinity":15,"s:24:28:24:Infinity":16,"s:25:28:25:Infinity":17,"s:26:28:26:Infinity":18,"s:27:28:27:Infinity":19,"s:28:28:28:Infinity":20,"s:29:29:29:Infinity":21,"s:32:34:32:Infinity":22,"s:35:34:35:Infinity":23,"s:36:39:36:Infinity":24,"s:38:2:38:Infinity":25,"s:39:39:39:Infinity":26,"s:41:2:41:Infinity":27,"s:42:41:42:Infinity":28,"s:45:45:45:Infinity":29,"s:46:41:46:Infinity":30,"s:47:40:47:Infinity":31,"s:48:41:48:Infinity":32,"s:49:40:49:Infinity":33,"s:50:39:50:Infinity":34,"s:51:42:51:Infinity":35,"s:54:43:54:Infinity":36,"s:55:47:55:Infinity":37,"s:56:47:56:Infinity":38,"s:57:49:57:Infinity":39,"s:58:44:58:Infinity":40,"s:60:2:60:Infinity":41,"s:62:2:62:Infinity":42,"s:64:2:64:Infinity":43,"s:65:44:65:Infinity":44,"s:69:2:69:Infinity":45,"s:71:2:71:Infinity":46,"s:72:28:72:Infinity":47,"s:73:29:73:Infinity":48,"s:76:39:76:Infinity":49,"s:77:44:77:Infinity":50,"s:78:37:78:Infinity":51,"s:79:35:79:Infinity":52,"s:80:36:80:Infinity":53,"s:81:33:81:Infinity":54,"s:84:27:84:Infinity":55,"s:85:30:85:Infinity":56,"s:86:38:86:Infinity":57,"s:87:30:87:Infinity":58,"s:88:33:88:Infinity":59,"s:89:33:89:Infinity":60,"s:90:33:90:Infinity":61,"s:91:30:91:Infinity":62,"s:92:35:92:Infinity":63,"s:94:2:94:Infinity":64,"s:95:34:95:Infinity":65,"s:96:39:96:Infinity":66,"s:97:38:97:Infinity":67,"s:98:37:98:Infinity":68,"s:100:2:100:Infinity":69,"s:101:40:101:Infinity":70,"s:102:40:102:Infinity":71,"s:103:42:103:Infinity":72,"s:104:38:104:Infinity":73,"s:106:2:106:Infinity":74,"s:107:34:107:Infinity":75,"s:108:33:108:Infinity":76,"s:109:37:109:Infinity":77,"s:111:2:111:Infinity":78,"s:112:39:112:Infinity":79,"s:113:35:113:Infinity":80,"s:115:2:115:Infinity":81,"s:116:36:116:Infinity":82,"s:119:34:119:Infinity":83,"s:120:39:120:Infinity":84,"s:123:39:123:Infinity":85,"s:124:36:124:Infinity":86,"s:128:2:128:Infinity":87,"s:131:39:131:Infinity":88,"s:134:34:134:Infinity":89,"s:135:32:135:Infinity":90,"s:137:2:137:Infinity":91,"s:138:32:138:Infinity":92,"s:140:2:140:Infinity":93,"s:142:2:142:Infinity":94,"s:143:43:143:Infinity":95,"s:145:2:145:Infinity":96,"s:149:2:149:Infinity":97,"s:150:34:150:Infinity":98,"s:151:27:151:Infinity":99,"s:153:2:153:Infinity":100,"s:155:2:155:Infinity":101,"s:157:2:157:Infinity":102,"s:158:27:158:Infinity":103,"s:162:2:162:Infinity":104,"s:164:2:164:Infinity":105,"s:166:28:168:Infinity":106,"b:167:2:167:35:167:35:167:Infinity":0,"s:171:39:171:Infinity":107,"s:172:38:174:Infinity":108,"b:173:2:173:49:173:49:173:Infinity":1,"s:177:34:177:Infinity":109,"s:178:33:178:Infinity":110,"s:181:33:181:Infinity":111,"s:182:32:182:Infinity":112,"s:183:37:183:Infinity":113,"s:184:37:184:Infinity":114,"s:185:32:185:Infinity":115,"s:189:2:189:Infinity":116,"s:190:38:190:Infinity":117,"s:191:37:191:Infinity":118,"s:192:33:192:Infinity":119,"s:193:34:193:Infinity":120,"s:194:32:194:Infinity":121,"s:195:31:195:Infinity":122,"s:196:34:196:Infinity":123,"s:197:42:197:Infinity":124,"s:198:33:198:Infinity":125,"s:199:35:199:Infinity":126,"s:202:26:202:Infinity":127,"s:203:31:203:Infinity":128,"s:205:2:205:Infinity":129,"s:206:34:206:Infinity":130,"s:207:32:207:Infinity":131,"s:208:38:208:Infinity":132,"s:209:36:209:Infinity":133,"s:212:33:212:Infinity":134,"s:215:36:215:Infinity":135,"s:216:39:216:Infinity":136,"s:217:36:217:Infinity":137,"s:218:38:218:Infinity":138}}}
,"D:\\intern sun\\PR1\\naitei14_fe_nhom2\\src\\contexts\\CartContext.tsx": {"path":"D:\\intern sun\\PR1\\naitei14_fe_nhom2\\src\\contexts\\CartContext.tsx","statementMap":{"0":{"start":{"line":5,"column":6},"end":{"line":5,"column":null}},"1":{"start":{"line":7,"column":28},"end":{"line":62,"column":null}},"2":{"start":{"line":8,"column":22},"end":{"line":8,"column":null}},"3":{"start":{"line":10,"column":2},"end":{"line":19,"column":null}},"4":{"start":{"line":11,"column":22},"end":{"line":11,"column":null}},"5":{"start":{"line":12,"column":4},"end":{"line":18,"column":null}},"6":{"start":{"line":13,"column":6},"end":{"line":17,"column":null}},"7":{"start":{"line":14,"column":8},"end":{"line":14,"column":null}},"8":{"start":{"line":16,"column":8},"end":{"line":16,"column":null}},"9":{"start":{"line":21,"column":2},"end":{"line":27,"column":null}},"10":{"start":{"line":22,"column":4},"end":{"line":26,"column":null}},"11":{"start":{"line":23,"column":6},"end":{"line":23,"column":null}},"12":{"start":{"line":25,"column":6},"end":{"line":25,"column":null}},"13":{"start":{"line":29,"column":20},"end":{"line":39,"column":null}},"14":{"start":{"line":30,"column":4},"end":{"line":38,"column":null}},"15":{"start":{"line":31,"column":27},"end":{"line":31,"column":null}},"16":{"start":{"line":31,"column":47},"end":{"line":31,"column":69}},"17":{"start":{"line":32,"column":6},"end":{"line":36,"column":null}},"18":{"start":{"line":33,"column":8},"end":{"line":35,"column":null}},"19":{"start":{"line":34,"column":10},"end":{"line":34,"column":null}},"20":{"start":{"line":37,"column":6},"end":{"line":37,"column":null}},"21":{"start":{"line":41,"column":25},"end":{"line":43,"column":null}},"22":{"start":{"line":42,"column":4},"end":{"line":42,"column":null}},"23":{"start":{"line":42,"column":22},"end":{"line":42,"column":66}},"24":{"start":{"line":42,"column":44},"end":{"line":42,"column":65}},"25":{"start":{"line":45,"column":25},"end":{"line":50,"column":null}},"26":{"start":{"line":46,"column":4},"end":{"line":46,"column":null}},"27":{"start":{"line":46,"column":22},"end":{"line":46,"column":null}},"28":{"start":{"line":47,"column":4},"end":{"line":49,"column":null}},"29":{"start":{"line":48,"column":6},"end":{"line":48,"column":null}},"30":{"start":{"line":48,"column":26},"end":{"line":48,"column":79}},"31":{"start":{"line":52,"column":20},"end":{"line":52,"column":null}},"32":{"start":{"line":52,"column":26},"end":{"line":52,"column":null}},"33":{"start":{"line":54,"column":21},"end":{"line":54,"column":null}},"34":{"start":{"line":54,"column":48},"end":{"line":54,"column":82}},"35":{"start":{"line":55,"column":21},"end":{"line":55,"column":null}},"36":{"start":{"line":55,"column":48},"end":{"line":55,"column":69}},"37":{"start":{"line":57,"column":2},"end":{"line":60,"column":null}},"38":{"start":{"line":64,"column":23},"end":{"line":68,"column":null}},"39":{"start":{"line":65,"column":8},"end":{"line":65,"column":null}},"40":{"start":{"line":66,"column":2},"end":{"line":66,"column":null}},"41":{"start":{"line":66,"column":16},"end":{"line":66,"column":null}},"42":{"start":{"line":67,"column":2},"end":{"line":67,"column":null}}},"fnMap":{"0":{"name":"(anonymous_0)","decl":{"start":{"line":7,"column":28},"end":{"line":7,"column":29}},"loc":{"start":{"line":7,"column":71},"end":{"line":62,"column":null}},"line":7},"1":{"name":"(anonymous_1)","decl":{"start":{"line":10,"column":12},"end":{"line":10,"column":18}},"loc":{"start":{"line":10,"column":18},"end":{"line":19,"column":5}},"line":10},"2":{"name":"(anonymous_2)","decl":{"start":{"line":21,"column":12},"end":{"line":21,"column":18}},"loc":{"start":{"line":21,"column":18},"end":{"line":27,"column":5}},"line":21},"3":{"name":"(anonymous_3)","decl":{"start":{"line":29,"column":20},"end":{"line":29,"column":21}},"loc":{"start":{"line":29,"column":56},"end":{"line":39,"column":null}},"line":29},"4":{"name":"(anonymous_4)","decl":{"start":{"line":30,"column":12},"end":{"line":30,"column":13}},"loc":{"start":{"line":30,"column":22},"end":{"line":38,"column":5}},"line":30},"5":{"name":"(anonymous_5)","decl":{"start":{"line":31,"column":37},"end":{"line":31,"column":38}},"loc":{"start":{"line":31,"column":47},"end":{"line":31,"column":69}},"line":31},"6":{"name":"(anonymous_6)","decl":{"start":{"line":33,"column":24},"end":{"line":33,"column":25}},"loc":{"start":{"line":34,"column":10},"end":{"line":34,"column":null}},"line":34},"7":{"name":"(anonymous_7)","decl":{"start":{"line":41,"column":25},"end":{"line":41,"column":26}},"loc":{"start":{"line":41,"column":48},"end":{"line":43,"column":null}},"line":41},"8":{"name":"(anonymous_8)","decl":{"start":{"line":42,"column":12},"end":{"line":42,"column":13}},"loc":{"start":{"line":42,"column":22},"end":{"line":42,"column":66}},"line":42},"9":{"name":"(anonymous_9)","decl":{"start":{"line":42,"column":34},"end":{"line":42,"column":35}},"loc":{"start":{"line":42,"column":44},"end":{"line":42,"column":65}},"line":42},"10":{"name":"(anonymous_10)","decl":{"start":{"line":45,"column":25},"end":{"line":45,"column":26}},"loc":{"start":{"line":45,"column":66},"end":{"line":50,"column":null}},"line":45},"11":{"name":"(anonymous_11)","decl":{"start":{"line":47,"column":12},"end":{"line":47,"column":13}},"loc":{"start":{"line":48,"column":6},"end":{"line":48,"column":null}},"line":48},"12":{"name":"(anonymous_12)","decl":{"start":{"line":48,"column":15},"end":{"line":48,"column":16}},"loc":{"start":{"line":48,"column":26},"end":{"line":48,"column":79}},"line":48},"13":{"name":"(anonymous_13)","decl":{"start":{"line":52,"column":20},"end":{"line":52,"column":26}},"loc":{"start":{"line":52,"column":26},"end":{"line":52,"column":null}},"line":52},"14":{"name":"(anonymous_14)","decl":{"start":{"line":54,"column":33},"end":{"line":54,"column":34}},"loc":{"start":{"line":54,"column":48},"end":{"line":54,"column":82}},"line":54},"15":{"name":"(anonymous_15)","decl":{"start":{"line":55,"column":33},"end":{"line":55,"column":34}},"loc":{"start":{"line":55,"column":48},"end":{"line":55,"column":69}},"line":55},"16":{"name":"(anonymous_16)","decl":{"start":{"line":64,"column":23},"end":{"line":64,"column":29}},"loc":{"start":{"line":64,"column":29},"end":{"line":68,"column":null}},"line":64}},"branchMap":{"0":{"loc":{"start":{"line":12,"column":4},"end":{"line":18,"column":null}},"type":"if","locations":[{"start":{"line":12,"column":4},"end":{"line":18,"column":null}},{"start":{},"end":{}}],"line":12},"1":{"loc":{"start":{"line":29,"column":39},"end":{"line":29,"column":56}},"type":"default-arg","locations":[{"start":{"line":29,"column":50},"end":{"line":29,"column":56}}],"line":29},"2":{"loc":{"start":{"line":32,"column":6},"end":{"line":36,"column":null}},"type":"if","locations":[{"start":{"line":32,"column":6},"end":{"line":36,"column":null}},{"start":{},"end":{}}],"line":32},"3":{"loc":{"start":{"line":34,"column":10},"end":{"line":34,"column":null}},"type":"cond-expr","locations":[{"start":{"line":34,"column":35},"end":{"line":34,"column":85}},{"start":{"line":34,"column":85},"end":{"line":34,"column":null}}],"line":34},"4":{"loc":{"start":{"line":46,"column":4},"end":{"line":46,"column":null}},"type":"if","locations":[{"start":{"line":46,"column":4},"end":{"line":46,"column":null}},{"start":{},"end":{}}],"line":46},"5":{"loc":{"start":{"line":48,"column":26},"end":{"line":48,"column":79}},"type":"cond-expr","locations":[{"start":{"line":48,"column":50},"end":{"line":48,"column":74}},{"start":{"line":48,"column":74},"end":{"line":48,"column":79}}],"line":48},"6":{"loc":{"start":{"line":66,"column":2},"end":{"line":66,"column":null}},"type":"if","locations":[{"start":{"line":66,"column":2},"end":{"line":66,"column":null}},{"start":{},"end":{}}],"line":66}},"s":{"0":1,"1":1,"2":15,"3":15,"4":7,"5":7,"6":1,"7":1,"8":0,"9":15,"10":15,"11":15,"12":0,"13":15,"14":7,"15":7,"16":2,"17":7,"18":1,"19":1,"20":6,"21":15,"22":1,"23":1,"24":2,"25":15,"26":1,"27":0,"28":1,"29":1,"30":1,"31":15,"32":1,"33":15,"34":8,"35":15,"36":8,"37":15,"38":1,"39":15,"40":15,"41":0,"42":15},"f":{"0":15,"1":7,"2":15,"3":7,"4":7,"5":2,"6":1,"7":1,"8":1,"9":2,"10":1,"11":1,"12":1,"13":1,"14":8,"15":8,"16":15},"b":{"0":[1,6],"1":[7],"2":[1,6],"3":[1,0],"4":[0,1],"5":[1,0],"6":[0,15]},"meta":{"lastBranch":7,"lastFunction":17,"lastStatement":43,"seen":{"s:5:6:5:Infinity":0,"s:7:28:62:Infinity":1,"f:7:28:7:29":0,"s:8:22:8:Infinity":2,"s:10:2:19:Infinity":3,"f:10:12:10:18":1,"s:11:22:11:Infinity":4,"b:12:4:18:Infinity:undefined:undefined:undefined:undefined":0,"s:12:4:18:Infinity":5,"s:13:6:17:Infinity":6,"s:14:8:14:Infinity":7,"s:16:8:16:Infinity":8,"s:21:2:27:Infinity":9,"f:21:12:21:18":2,"s:22:4:26:Infinity":10,"s:23:6:23:Infinity":11,"s:25:6:25:Infinity":12,"s:29:20:39:Infinity":13,"f:29:20:29:21":3,"b:29:50:29:56":1,"s:30:4:38:Infinity":14,"f:30:12:30:13":4,"s:31:27:31:Infinity":15,"f:31:37:31:38":5,"s:31:47:31:69":16,"b:32:6:36:Infinity:undefined:undefined:undefined:undefined":2,"s:32:6:36:Infinity":17,"s:33:8:35:Infinity":18,"f:33:24:33:25":6,"s:34:10:34:Infinity":19,"b:34:35:34:85:34:85:34:Infinity":3,"s:37:6:37:Infinity":20,"s:41:25:43:Infinity":21,"f:41:25:41:26":7,"s:42:4:42:Infinity":22,"f:42:12:42:13":8,"s:42:22:42:66":23,"f:42:34:42:35":9,"s:42:44:42:65":24,"s:45:25:50:Infinity":25,"f:45:25:45:26":10,"b:46:4:46:Infinity:undefined:undefined:undefined:undefined":4,"s:46:4:46:Infinity":26,"s:46:22:46:Infinity":27,"s:47:4:49:Infinity":28,"f:47:12:47:13":11,"s:48:6:48:Infinity":29,"f:48:15:48:16":12,"s:48:26:48:79":30,"b:48:50:48:74:48:74:48:79":5,"s:52:20:52:Infinity":31,"f:52:20:52:26":13,"s:52:26:52:Infinity":32,"s:54:21:54:Infinity":33,"f:54:33:54:34":14,"s:54:48:54:82":34,"s:55:21:55:Infinity":35,"f:55:33:55:34":15,"s:55:48:55:69":36,"s:57:2:60:Infinity":37,"s:64:23:68:Infinity":38,"f:64:23:64:29":16,"s:65:8:65:Infinity":39,"b:66:2:66:Infinity:undefined:undefined:undefined:undefined":6,"s:66:2:66:Infinity":40,"s:66:16:66:Infinity":41,"s:67:2:67:Infinity":42}}}
,"D:\\intern sun\\PR1\\naitei14_fe_nhom2\\src\\features\\checkout\\index.tsx": {"path":"D:\\intern sun\\PR1\\naitei14_fe_nhom2\\src\\features\\checkout\\index.tsx","statementMap":{"0":{"start":{"line":14,"column":28},"end":{"line":118,"column":null}},"1":{"start":{"line":15,"column":38},"end":{"line":15,"column":null}},"2":{"start":{"line":16,"column":27},"end":{"line":16,"column":null}},"3":{"start":{"line":17,"column":8},"end":{"line":17,"column":null}},"4":{"start":{"line":18,"column":38},"end":{"line":18,"column":null}},"5":{"start":{"line":19,"column":50},"end":{"line":19,"column":null}},"6":{"start":{"line":21,"column":2},"end":{"line":27,"column":null}},"7":{"start":{"line":22,"column":4},"end":{"line":26,"column":null}},"8":{"start":{"line":23,"column":6},"end":{"line":23,"column":null}},"9":{"start":{"line":24,"column":4},"end":{"line":26,"column":null}},"10":{"start":{"line":25,"column":6},"end":{"line":25,"column":null}},"11":{"start":{"line":29,"column":2},"end":{"line":29,"column":null}},"12":{"start":{"line":29,"column":65},"end":{"line":29,"column":null}},"13":{"start":{"line":31,"column":25},"end":{"line":60,"column":null}},"14":{"start":{"line":32,"column":4},"end":{"line":32,"column":null}},"15":{"start":{"line":33,"column":4},"end":{"line":59,"column":null}},"16":{"start":{"line":34,"column":6},"end":{"line":34,"column":null}},"17":{"start":{"line":34,"column":17},"end":{"line":34,"column":null}},"18":{"start":{"line":36,"column":24},"end":{"line":49,"column":null}},"19":{"start":{"line":38,"column":35},"end":{"line":44,"column":10}},"20":{"start":{"line":51,"column":6},"end":{"line":51,"column":null}},"21":{"start":{"line":52,"column":6},"end":{"line":52,"column":null}},"22":{"start":{"line":53,"column":6},"end":{"line":53,"column":null}},"23":{"start":{"line":55,"column":6},"end":{"line":55,"column":null}},"24":{"start":{"line":56,"column":6},"end":{"line":56,"column":null}},"25":{"start":{"line":58,"column":6},"end":{"line":58,"column":null}},"26":{"start":{"line":62,"column":34},"end":{"line":65,"column":null}},"27":{"start":{"line":63,"column":4},"end":{"line":63,"column":null}},"28":{"start":{"line":64,"column":4},"end":{"line":64,"column":null}},"29":{"start":{"line":67,"column":2},"end":{"line":116,"column":null}}},"fnMap":{"0":{"name":"(anonymous_0)","decl":{"start":{"line":14,"column":28},"end":{"line":14,"column":34}},"loc":{"start":{"line":14,"column":34},"end":{"line":118,"column":null}},"line":14},"1":{"name":"(anonymous_1)","decl":{"start":{"line":21,"column":12},"end":{"line":21,"column":18}},"loc":{"start":{"line":21,"column":18},"end":{"line":27,"column":5}},"line":21},"2":{"name":"(anonymous_2)","decl":{"start":{"line":31,"column":25},"end":{"line":31,"column":32}},"loc":{"start":{"line":31,"column":63},"end":{"line":60,"column":null}},"line":31},"3":{"name":"(anonymous_3)","decl":{"start":{"line":38,"column":24},"end":{"line":38,"column":25}},"loc":{"start":{"line":38,"column":35},"end":{"line":44,"column":10}},"line":38},"4":{"name":"(anonymous_4)","decl":{"start":{"line":62,"column":34},"end":{"line":62,"column":40}},"loc":{"start":{"line":62,"column":40},"end":{"line":65,"column":null}},"line":62}},"branchMap":{"0":{"loc":{"start":{"line":22,"column":4},"end":{"line":26,"column":null}},"type":"if","locations":[{"start":{"line":22,"column":4},"end":{"line":26,"column":null}},{"start":{"line":24,"column":4},"end":{"line":26,"column":null}}],"line":22},"1":{"loc":{"start":{"line":24,"column":4},"end":{"line":26,"column":null}},"type":"if","locations":[{"start":{"line":24,"column":4},"end":{"line":26,"column":null}},{"start":{},"end":{}}],"line":24},"2":{"loc":{"start":{"line":24,"column":15},"end":{"line":24,"column":57}},"type":"binary-expr","locations":[{"start":{"line":24,"column":15},"end":{"line":24,"column":36}},{"start":{"line":24,"column":36},"end":{"line":24,"column":57}}],"line":24},"3":{"loc":{"start":{"line":29,"column":2},"end":{"line":29,"column":null}},"type":"if","locations":[{"start":{"line":29,"column":2},"end":{"line":29,"column":null}},{"start":{},"end":{}}],"line":29},"4":{"loc":{"start":{"line":29,"column":6},"end":{"line":29,"column":65}},"type":"binary-expr","locations":[{"start":{"line":29,"column":6},"end":{"line":29,"column":22}},{"start":{"line":29,"column":22},"end":{"line":29,"column":43}},{"start":{"line":29,"column":43},"end":{"line":29,"column":65}}],"line":29},"5":{"loc":{"start":{"line":34,"column":6},"end":{"line":34,"column":null}},"type":"if","locations":[{"start":{"line":34,"column":6},"end":{"line":34,"column":null}},{"start":{},"end":{}}],"line":34},"6":{"loc":{"start":{"line":41,"column":24},"end":{"line":41,"column":null}},"type":"binary-expr","locations":[{"start":{"line":41,"column":24},"end":{"line":41,"column":38}},{"start":{"line":41,"column":38},"end":{"line":41,"column":null}}],"line":41},"7":{"loc":{"start":{"line":80,"column":16},"end":{"line":86,"column":null}},"type":"cond-expr","locations":[{"start":{"line":81,"column":20},"end":{"line":85,"column":null}},{"start":{"line":86,"column":20},"end":{"line":86,"column":null}}],"line":80},"8":{"loc":{"start":{"line":100,"column":17},"end":{"line":100,"column":null}},"type":"cond-expr","locations":[{"start":{"line":100,"column":32},"end":{"line":100,"column":50}},{"start":{"line":100,"column":50},"end":{"line":100,"column":null}}],"line":100}},"s":{"0":1,"1":9,"2":9,"3":9,"4":9,"5":9,"6":9,"7":6,"8":1,"9":5,"10":1,"11":9,"12":2,"13":7,"14":2,"15":2,"16":2,"17":0,"18":2,"19":2,"20":2,"21":1,"22":1,"23":1,"24":1,"25":2,"26":7,"27":0,"28":0,"29":7},"f":{"0":9,"1":6,"2":2,"3":2,"4":0},"b":{"0":[1,5],"1":[1,4],"2":[5,1],"3":[2,7],"4":[9,8,1],"5":[0,2],"6":[2,0],"7":[7,0],"8":[2,5]},"meta":{"lastBranch":9,"lastFunction":5,"lastStatement":30,"seen":{"s:14:28:118:Infinity":0,"f:14:28:14:34":0,"s:15:38:15:Infinity":1,"s:16:27:16:Infinity":2,"s:17:8:17:Infinity":3,"s:18:38:18:Infinity":4,"s:19:50:19:Infinity":5,"s:21:2:27:Infinity":6,"f:21:12:21:18":1,"b:22:4:26:Infinity:24:4:26:Infinity":0,"s:22:4:26:Infinity":7,"s:23:6:23:Infinity":8,"b:24:4:26:Infinity:undefined:undefined:undefined:undefined":1,"s:24:4:26:Infinity":9,"b:24:15:24:36:24:36:24:57":2,"s:25:6:25:Infinity":10,"b:29:2:29:Infinity:undefined:undefined:undefined:undefined":3,"s:29:2:29:Infinity":11,"b:29:6:29:22:29:22:29:43:29:43:29:65":4,"s:29:65:29:Infinity":12,"s:31:25:60:Infinity":13,"f:31:25:31:32":2,"s:32:4:32:Infinity":14,"s:33:4:59:Infinity":15,"b:34:6:34:Infinity:undefined:undefined:undefined:undefined":5,"s:34:6:34:Infinity":16,"s:34:17:34:Infinity":17,"s:36:24:49:Infinity":18,"f:38:24:38:25":3,"s:38:35:44:10":19,"b:41:24:41:38:41:38:41:Infinity":6,"s:51:6:51:Infinity":20,"s:52:6:52:Infinity":21,"s:53:6:53:Infinity":22,"s:55:6:55:Infinity":23,"s:56:6:56:Infinity":24,"s:58:6:58:Infinity":25,"s:62:34:65:Infinity":26,"f:62:34:62:40":4,"s:63:4:63:Infinity":27,"s:64:4:64:Infinity":28,"s:67:2:116:Infinity":29,"b:81:20:85:Infinity:86:20:86:Infinity":7,"b:100:32:100:50:100:50:100:Infinity":8}}}
,"D:\\intern sun\\PR1\\naitei14_fe_nhom2\\src\\lib\\errors.ts": {"path":"D:\\intern sun\\PR1\\naitei14_fe_nhom2\\src\\lib\\errors.ts","statementMap":{"0":{"start":{"line":3,"column":4},"end":{"line":3,"column":null}},"1":{"start":{"line":2,"column":38},"end":{"line":2,"column":66}},"2":{"start":{"line":2,"column":66},"end":{"line":2,"column":89}},"3":{"start":{"line":4,"column":4},"end":{"line":4,"column":null}},"4":{"start":{"line":10,"column":4},"end":{"line":10,"column":null}},"5":{"start":{"line":9,"column":38},"end":{"line":9,"column":61}},"6":{"start":{"line":11,"column":4},"end":{"line":11,"column":null}},"7":{"start":{"line":17,"column":4},"end":{"line":17,"column":null}},"8":{"start":{"line":16,"column":38},"end":{"line":16,"column":61}},"9":{"start":{"line":18,"column":4},"end":{"line":18,"column":null}},"10":{"start":{"line":24,"column":4},"end":{"line":24,"column":null}},"11":{"start":{"line":23,"column":38},"end":{"line":23,"column":61}},"12":{"start":{"line":25,"column":4},"end":{"line":25,"column":null}}},"fnMap":{"0":{"name":"(anonymous_0)","decl":{"start":{"line":2,"column":2},"end":{"line":2,"column":14}},"loc":{"start":{"line":2,"column":89},"end":{"line":5,"column":null}},"line":2},"1":{"name":"(anonymous_1)","decl":{"start":{"line":9,"column":2},"end":{"line":9,"column":14}},"loc":{"start":{"line":9,"column":61},"end":{"line":12,"column":null}},"line":9},"2":{"name":"(anonymous_2)","decl":{"start":{"line":16,"column":2},"end":{"line":16,"column":14}},"loc":{"start":{"line":16,"column":61},"end":{"line":19,"column":null}},"line":16},"3":{"name":"(anonymous_3)","decl":{"start":{"line":23,"column":2},"end":{"line":23,"column":14}},"loc":{"start":{"line":23,"column":61},"end":{"line":26,"column":null}},"line":23}},"branchMap":{},"s":{"0":0,"1":0,"2":0,"3":0,"4":0,"5":0,"6":0,"7":0,"8":0,"9":0,"10":0,"11":0,"12":0},"f":{"0":0,"1":0,"2":0,"3":0},"b":{},"meta":{"lastBranch":0,"lastFunction":4,"lastStatement":13,"seen":{"f:2:2:2:14":0,"s:3:4:3:Infinity":0,"s:2:38:2:66":1,"s:2:66:2:89":2,"s:4:4:4:Infinity":3,"f:9:2:9:14":1,"s:10:4:10:Infinity":4,"s:9:38:9:61":5,"s:11:4:11:Infinity":6,"f:16:2:16:14":2,"s:17:4:17:Infinity":7,"s:16:38:16:61":8,"s:18:4:18:Infinity":9,"f:23:2:23:14":3,"s:24:4:24:Infinity":10,"s:23:38:23:61":11,"s:25:4:25:Infinity":12}}}
,"D:\\intern sun\\PR1\\naitei14_fe_nhom2\\src\\lib\\utils.ts": {"path":"D:\\intern sun\\PR1\\naitei14_fe_nhom2\\src\\lib\\utils.ts","statementMap":{"0":{"start":{"line":5,"column":2},"end":{"line":5,"column":null}}},"fnMap":{"0":{"name":"cn","decl":{"start":{"line":4,"column":16},"end":{"line":4,"column":22}},"loc":{"start":{"line":4,"column":44},"end":{"line":6,"column":null}},"line":4}},"branchMap":{},"s":{"0":8},"f":{"0":8},"b":{},"meta":{"lastBranch":0,"lastFunction":1,"lastStatement":1,"seen":{"f:4:16:4:22":0,"s:5:2:5:Infinity":0}}}
}
